Using pre-set license
Built from '2020.2/staging' branch; Version is '2020.2.3f1 (8ff31bc5bf5b) revision 9433883'; Using compiler version '192528614'; Build Type 'Release'
OS: 'Windows 10 Pro; OS build 19042.746; Version 2009; 64bit' Language: 'ca' Physical Memory: 16267 MB
BatchMode: 1, IsHumanControllingUs: 0, StartBugReporterOnCrash: 0, Is64bit: 1, IsPro: 0

 COMMAND LINE ARGUMENTS:
C:\Program Files\Unity\Hub\Editor\2020.2.3f1\Editor\Unity.exe
-adb2
-batchMode
-noUpm
-name
AssetImportWorker0
-projectPath
C:/Users/KYRENS/Documents/GitHub/TFG/TFG
-logFile
Logs/AssetImportWorker0.log
-srvPort
61813
Successfully changed project path to: C:/Users/KYRENS/Documents/GitHub/TFG/TFG
C:/Users/KYRENS/Documents/GitHub/TFG/TFG
Using Asset Import Pipeline V2.
Refreshing native plugins compatible for Editor in 23.83 ms, found 0 plugins.
Preloading 0 native plugins for Editor in 0.00 ms.
Initialize engine version: 2020.2.3f1 (8ff31bc5bf5b)
[Subsystems] Discovering subsystems at path C:/Program Files/Unity/Hub/Editor/2020.2.3f1/Editor/Data/Resources/UnitySubsystems
[Subsystems] Discovering subsystems at path C:/Users/KYRENS/Documents/GitHub/TFG/TFG/Assets
GfxDevice: creating device client; threaded=0
Direct3D:
    Version:  Direct3D 11.0 [level 11.1]
    Renderer: NVIDIA GeForce GTX 960 (ID=0x1401)
    Vendor:   
    VRAM:     4053 MB
    Driver:   27.21.14.6140
Initialize mono
Mono path[0] = 'C:/Program Files/Unity/Hub/Editor/2020.2.3f1/Editor/Data/Managed'
Mono path[1] = 'C:/Program Files/Unity/Hub/Editor/2020.2.3f1/Editor/Data/MonoBleedingEdge/lib/mono/unityjit'
Mono config path = 'C:/Program Files/Unity/Hub/Editor/2020.2.3f1/Editor/Data/MonoBleedingEdge/etc'
Using monoOptions --debugger-agent=transport=dt_socket,embedding=1,server=y,suspend=n,address=127.0.0.1:56276
Begin MonoManager ReloadAssembly
Registering precompiled unity dll's ...
Register platform support module: C:/Program Files/Unity/Hub/Editor/2020.2.3f1/Editor/Data/PlaybackEngines/WindowsStandaloneSupport/UnityEditor.WindowsStandalone.Extensions.dll
Registered in 0.002039 seconds.
Native extension for WindowsStandalone target not found
Refreshing native plugins compatible for Editor in 23.86 ms, found 0 plugins.
Preloading 0 native plugins for Editor in 0.00 ms.
Invoked RoslynAnalysisRunner static constructor.
RoslynAnalysisRunner will not be running.
RoslynAnalysisRunner has terminated.
Mono: successfully reloaded assembly
- Completed reload, in  1.191 seconds
Platform modules already initialized, skipping
Registering precompiled user dll's ...
Registered in 0.000657 seconds.
Begin MonoManager ReloadAssembly
Native extension for WindowsStandalone target not found
Refreshing native plugins compatible for Editor in 0.22 ms, found 0 plugins.
Preloading 0 native plugins for Editor in 0.00 ms.
Invoked RoslynAnalysisRunner static constructor.
RoslynAnalysisRunner will not be running.
RoslynAnalysisRunner has terminated.
Mono: successfully reloaded assembly
- Completed reload, in  0.930 seconds
Platform modules already initialized, skipping
========================================================================
Worker process is ready to serve import requests
Launched and connected shader compiler UnityShaderCompiler.exe after 0.05 seconds
Refreshing native plugins compatible for Editor in 0.24 ms, found 0 plugins.
Preloading 0 native plugins for Editor in 0.00 ms.
Unloading 1099 Unused Serialized files (Serialized files now loaded: 0)
System memory in use before: 56.6 MB.
System memory in use after: 56.6 MB.

Unloading 10 unused Assets to reduce memory usage. Loaded Objects now: 1540.
Total: 2.030100 ms (FindLiveObjects: 0.141000 ms CreateObjectMapping: 0.050300 ms MarkObjects: 1.712400 ms  DeleteObjects: 0.125500 ms)

========================================================================
Received Import Request.
  path: Assets/Scenes
  artifactKey: Guid(b388cad527e40a24daf9cdcbfa5e814e) Importer(815301076,1909f56bfc062723c751e8b465ee728b)
Start importing Assets/Scenes using Guid(b388cad527e40a24daf9cdcbfa5e814e) Importer(815301076,1909f56bfc062723c751e8b465ee728b)  -> (artifact id: 'e73077870ef7596d213e4c9da0554a76') in 0.010124 seconds
  Import took 0.012408 seconds .

========================================================================
Received Import Request.
  Time since last request: 0.000311 seconds.
  path: Assets/Scenes/SampleScene.unity
  artifactKey: Guid(9fc0d4010bbf28b4594072e72b8655ab) Importer(815301076,1909f56bfc062723c751e8b465ee728b)
Start importing Assets/Scenes/SampleScene.unity using Guid(9fc0d4010bbf28b4594072e72b8655ab) Importer(815301076,1909f56bfc062723c751e8b465ee728b)  -> (artifact id: '0e0d6071e5f641d8467da76c6d845663') in 0.016522 seconds
  Import took 0.018508 seconds .

========================================================================
Received Import Request.
  Time since last request: 6.880091 seconds.
  path: Assets/Scenes/Menu.unity
  artifactKey: Guid(9fc0d4010bbf28b4594072e72b8655ab) Importer(815301076,1909f56bfc062723c751e8b465ee728b)
Start importing Assets/Scenes/Menu.unity using Guid(9fc0d4010bbf28b4594072e72b8655ab) Importer(815301076,1909f56bfc062723c751e8b465ee728b)  -> (artifact id: 'd1376e1b68201696fe4077d100699661') in 0.013422 seconds
  Import took 0.016480 seconds .

========================================================================
Received Import Request.
  Time since last request: 24.181082 seconds.
  path: Assets/Scenes/Car Selector.unity
  artifactKey: Guid(c4bfd735b7917d14bbf4a85823eb723c) Importer(815301076,1909f56bfc062723c751e8b465ee728b)
Start importing Assets/Scenes/Car Selector.unity using Guid(c4bfd735b7917d14bbf4a85823eb723c) Importer(815301076,1909f56bfc062723c751e8b465ee728b)  -> (artifact id: '90332a48993feabc0771585a7d1fb452') in 0.011961 seconds
  Import took 0.014726 seconds .

========================================================================
Received Import Request.
  Time since last request: 3.801090 seconds.
  path: Assets/Scenes/Car Selector 1.unity
  artifactKey: Guid(f45b528b16998b246b3c532e5301d02b) Importer(815301076,1909f56bfc062723c751e8b465ee728b)
Start importing Assets/Scenes/Car Selector 1.unity using Guid(f45b528b16998b246b3c532e5301d02b) Importer(815301076,1909f56bfc062723c751e8b465ee728b)  -> (artifact id: 'b69734fe59379d5f8b26b5bb301ef2cf') in 0.012090 seconds
  Import took 0.015301 seconds .

========================================================================
Received Import Request.
  Time since last request: 7.869899 seconds.
  path: Assets/Scenes/Edit.unity
  artifactKey: Guid(f45b528b16998b246b3c532e5301d02b) Importer(815301076,1909f56bfc062723c751e8b465ee728b)
Start importing Assets/Scenes/Edit.unity using Guid(f45b528b16998b246b3c532e5301d02b) Importer(815301076,1909f56bfc062723c751e8b465ee728b)  -> (artifact id: 'de5c336656257adb5766a681a219fc0d') in 0.008352 seconds
  Import took 0.010422 seconds .

========================================================================
Received Prepare
Registering precompiled user dll's ...
Registered in 0.000923 seconds.
Begin MonoManager ReloadAssembly
Native extension for WindowsStandalone target not found
Refreshing native plugins compatible for Editor in 0.29 ms, found 0 plugins.
Preloading 0 native plugins for Editor in 0.00 ms.
Invoked RoslynAnalysisRunner static constructor.
RoslynAnalysisRunner will not be running.
RoslynAnalysisRunner has terminated.
Mono: successfully reloaded assembly
- Completed reload, in  0.980 seconds
Platform modules already initialized, skipping
Refreshing native plugins compatible for Editor in 0.25 ms, found 0 plugins.
Preloading 0 native plugins for Editor in 0.00 ms.
Unloading 1141 Unused Serialized files (Serialized files now loaded: 0)
System memory in use before: 59.2 MB.
System memory in use after: 58.7 MB.

Unloading 18 unused Assets to reduce memory usage. Loaded Objects now: 1576.
Total: 2.539300 ms (FindLiveObjects: 0.190500 ms CreateObjectMapping: 0.077400 ms MarkObjects: 1.760200 ms  DeleteObjects: 0.509600 ms)

========================================================================
Received Prepare
Registering precompiled user dll's ...
Registered in 0.000730 seconds.
Begin MonoManager ReloadAssembly
Native extension for WindowsStandalone target not found
Refreshing native plugins compatible for Editor in 0.28 ms, found 0 plugins.
Preloading 0 native plugins for Editor in 0.00 ms.
Invoked RoslynAnalysisRunner static constructor.
RoslynAnalysisRunner will not be running.
RoslynAnalysisRunner has terminated.
Mono: successfully reloaded assembly
- Completed reload, in  0.825 seconds
Platform modules already initialized, skipping
Refreshing native plugins compatible for Editor in 0.24 ms, found 0 plugins.
Preloading 0 native plugins for Editor in 0.00 ms.
Unloading 1141 Unused Serialized files (Serialized files now loaded: 0)
System memory in use before: 59.2 MB.
System memory in use after: 58.7 MB.

Unloading 18 unused Assets to reduce memory usage. Loaded Objects now: 1578.
Total: 2.019800 ms (FindLiveObjects: 0.196100 ms CreateObjectMapping: 0.036900 ms MarkObjects: 1.409400 ms  DeleteObjects: 0.376300 ms)

========================================================================
Received Prepare
Registering precompiled user dll's ...
Registered in 0.000730 seconds.
Begin MonoManager ReloadAssembly
Native extension for WindowsStandalone target not found
Refreshing native plugins compatible for Editor in 0.31 ms, found 0 plugins.
Preloading 0 native plugins for Editor in 0.00 ms.
Invoked RoslynAnalysisRunner static constructor.
RoslynAnalysisRunner will not be running.
RoslynAnalysisRunner has terminated.
Mono: successfully reloaded assembly
- Completed reload, in  0.856 seconds
Platform modules already initialized, skipping
Refreshing native plugins compatible for Editor in 0.24 ms, found 0 plugins.
Preloading 0 native plugins for Editor in 0.00 ms.
Unloading 1141 Unused Serialized files (Serialized files now loaded: 0)
System memory in use before: 59.3 MB.
System memory in use after: 58.7 MB.

Unloading 18 unused Assets to reduce memory usage. Loaded Objects now: 1580.
Total: 3.337500 ms (FindLiveObjects: 0.168700 ms CreateObjectMapping: 0.061200 ms MarkObjects: 2.603000 ms  DeleteObjects: 0.502600 ms)

========================================================================
Received Import Request.
  Time since last request: 1349.632668 seconds.
  path: Assets
  artifactKey: Guid(00000000000000001000000000000000) Importer(815301076,1909f56bfc062723c751e8b465ee728b)
Start importing Assets using Guid(00000000000000001000000000000000) Importer(815301076,1909f56bfc062723c751e8b465ee728b)  -> (artifact id: '1710e9ec8d296c6d0f7ba50b79726179') in 0.013171 seconds
  Import took 0.015957 seconds .

========================================================================
Received Import Request.
  Time since last request: 6.521059 seconds.
  path: Assets/Scripts
  artifactKey: Guid(217e938e943f0694e9f50c63c3ed141d) Importer(815301076,1909f56bfc062723c751e8b465ee728b)
Start importing Assets/Scripts using Guid(217e938e943f0694e9f50c63c3ed141d) Importer(815301076,1909f56bfc062723c751e8b465ee728b)  -> (artifact id: '0521818ccc3178277263f5829219556e') in 0.011874 seconds
  Import took 0.014170 seconds .

========================================================================
Received Import Request.
  Time since last request: 10.296628 seconds.
  path: Assets/Scripts/SceneManagement.cs
  artifactKey: Guid(adce91cc6dd739f4bb31cae0c3a7e11e) Importer(815301076,1909f56bfc062723c751e8b465ee728b)
Start importing Assets/Scripts/SceneManagement.cs using Guid(adce91cc6dd739f4bb31cae0c3a7e11e) Importer(815301076,1909f56bfc062723c751e8b465ee728b)  -> (artifact id: '7c36281b050bc251d9f90c6cef009e6b') in 0.093188 seconds
  Import took 0.095545 seconds .

========================================================================
Received Prepare
Registering precompiled user dll's ...
Registered in 0.000708 seconds.
Begin MonoManager ReloadAssembly
Native extension for WindowsStandalone target not found
Refreshing native plugins compatible for Editor in 0.24 ms, found 0 plugins.
Preloading 0 native plugins for Editor in 0.00 ms.
Invoked RoslynAnalysisRunner static constructor.
RoslynAnalysisRunner will not be running.
RoslynAnalysisRunner has terminated.
Mono: successfully reloaded assembly
- Completed reload, in  0.957 seconds
Platform modules already initialized, skipping
Refreshing native plugins compatible for Editor in 0.24 ms, found 0 plugins.
Preloading 0 native plugins for Editor in 0.00 ms.
Unloading 1142 Unused Serialized files (Serialized files now loaded: 0)
System memory in use before: 59.3 MB.
System memory in use after: 58.8 MB.

Unloading 18 unused Assets to reduce memory usage. Loaded Objects now: 1583.
Total: 3.270900 ms (FindLiveObjects: 0.156000 ms CreateObjectMapping: 0.040600 ms MarkObjects: 1.904300 ms  DeleteObjects: 1.091400 ms)

========================================================================
Received Prepare
Registering precompiled user dll's ...
Registered in 0.001119 seconds.
Begin MonoManager ReloadAssembly
Native extension for WindowsStandalone target not found
Refreshing native plugins compatible for Editor in 0.24 ms, found 0 plugins.
Preloading 0 native plugins for Editor in 0.00 ms.
Invoked RoslynAnalysisRunner static constructor.
RoslynAnalysisRunner will not be running.
RoslynAnalysisRunner has terminated.
Mono: successfully reloaded assembly
- Completed reload, in  0.871 seconds
Platform modules already initialized, skipping
Refreshing native plugins compatible for Editor in 0.27 ms, found 0 plugins.
Preloading 0 native plugins for Editor in 0.00 ms.
Unloading 1142 Unused Serialized files (Serialized files now loaded: 0)
System memory in use before: 59.3 MB.
System memory in use after: 58.8 MB.

Unloading 18 unused Assets to reduce memory usage. Loaded Objects now: 1585.
Total: 2.976000 ms (FindLiveObjects: 0.221400 ms CreateObjectMapping: 0.045800 ms MarkObjects: 2.237400 ms  DeleteObjects: 0.469500 ms)

========================================================================
Received Import Request.
  Time since last request: 124.621573 seconds.
  path: Assets/Scripts/SceneManagement.cs
  artifactKey: Guid(adce91cc6dd739f4bb31cae0c3a7e11e) Importer(815301076,1909f56bfc062723c751e8b465ee728b)
Start importing Assets/Scripts/SceneManagement.cs using Guid(adce91cc6dd739f4bb31cae0c3a7e11e) Importer(815301076,1909f56bfc062723c751e8b465ee728b)  -> (artifact id: '5fd3e7d9849e1f49b285936c7f93cbe8') in 0.024712 seconds
  Import took 0.027106 seconds .

AssetImportWorkerClient::OnTransportError - code=2 error=End of file
